0 info it worked if it ends with ok
1 verbose cli [ 'c:\\Program Files\\nodejs\\node.exe',
1 verbose cli   'c:\\Program Files\\nodejs\\node_modules\\npm\\bin\\npm-cli.js',
1 verbose cli   'install',
1 verbose cli   '-g',
1 verbose cli   'bower' ]
2 info using npm@2.14.3
3 info using node@v4.1.0
4 verbose install initial load of C:\Program Files (x86)\Git\local\package.json
5 verbose readDependencies loading dependencies from C:\Program Files (x86)\Git\local\package.json
6 silly cache add args [ 'bower', null ]
7 verbose cache add spec bower
8 silly cache add parsed spec Result {
8 silly cache add   raw: 'bower',
8 silly cache add   scope: null,
8 silly cache add   name: 'bower',
8 silly cache add   rawSpec: '',
8 silly cache add   spec: '*',
8 silly cache add   type: 'range' }
9 silly addNamed bower@*
10 verbose addNamed "*" is a valid semver range for bower
11 silly addNameRange { name: 'bower', range: '*', hasData: false }
12 silly mapToRegistry name bower
13 silly mapToRegistry using default registry
14 silly mapToRegistry registry https://registry.npmjs.org/
15 silly mapToRegistry uri https://registry.npmjs.org/bower
16 verbose addNameRange registry:https://registry.npmjs.org/bower not in flight; fetching
17 verbose request uri https://registry.npmjs.org/bower
18 verbose request no auth needed
19 info attempt registry request try #1 at 22:21:44
20 verbose request id 7c4e3b2371ce18d9
21 verbose etag "BTDTQ30K9H00LATV6BEKT1GC8"
22 http request GET https://registry.npmjs.org/bower
23 http 200 https://registry.npmjs.org/bower
24 silly get cb [ 200,
24 silly get   { server: 'CouchDB/1.5.0 (Erlang OTP/R16B03)',
24 silly get     etag: '"9OKNIBB3CBTZXMAUC0WEL6843"',
24 silly get     'content-type': 'application/json',
24 silly get     'cache-control': 'max-age=60',
24 silly get     'content-length': '122905',
24 silly get     'accept-ranges': 'bytes',
24 silly get     date: 'Wed, 30 Sep 2015 19:21:44 GMT',
24 silly get     via: '1.1 varnish',
24 silly get     age: '0',
24 silly get     connection: 'keep-alive',
24 silly get     'x-served-by': 'cache-fra1245-FRA',
24 silly get     'x-cache': 'HIT',
24 silly get     'x-cache-hits': '1',
24 silly get     'x-timer': 'S1443640903.345846,VS0,VE701',
24 silly get     vary: 'Accept' } ]
25 verbose get saving bower to C:\Users\anton\AppData\Roaming\npm-cache\registry.npmjs.org\bower\.cache.json
26 silly addNameRange number 2 { name: 'bower', range: '*', hasData: true }
27 silly addNameRange versions [ 'bower',
27 silly addNameRange   [ '0.1.0',
27 silly addNameRange     '0.1.2',
27 silly addNameRange     '0.1.3',
27 silly addNameRange     '0.2.0',
27 silly addNameRange     '0.3.0',
27 silly addNameRange     '0.3.1',
27 silly addNameRange     '0.3.2',
27 silly addNameRange     '0.4.0',
27 silly addNameRange     '0.5.0',
27 silly addNameRange     '0.5.1',
27 silly addNameRange     '0.6.0',
27 silly addNameRange     '0.6.1',
27 silly addNameRange     '0.6.2',
27 silly addNameRange     '0.6.3',
27 silly addNameRange     '0.6.4',
27 silly addNameRange     '0.6.5',
27 silly addNameRange     '0.6.6',
27 silly addNameRange     '0.6.7',
27 silly addNameRange     '0.6.8',
27 silly addNameRange     '0.7.0',
27 silly addNameRange     '0.7.1',
27 silly addNameRange     '0.8.0',
27 silly addNameRange     '0.8.1',
27 silly addNameRange     '0.8.2',
27 silly addNameRange     '0.8.3',
27 silly addNameRange     '0.8.4',
27 silly addNameRange     '0.8.5',
27 silly addNameRange     '0.8.6',
27 silly addNameRange     '0.9.0',
27 silly addNameRange     '0.9.1',
27 silly addNameRange     '0.9.2',
27 silly addNameRange     '0.10.0',
27 silly addNameRange     '1.0.0',
27 silly addNameRange     '1.0.1',
27 silly addNameRange     '1.0.2',
27 silly addNameRange     '1.0.3',
27 silly addNameRange     '1.1.0',
27 silly addNameRange     '1.1.1',
27 silly addNameRange     '1.1.2',
27 silly addNameRange     '1.2.0',
27 silly addNameRange     '1.2.1',
27 silly addNameRange     '1.2.2',
27 silly addNameRange     '1.2.3',
27 silly addNameRange     '1.2.4',
27 silly addNameRange     '1.2.5',
27 silly addNameRange     '1.2.6',
27 silly addNameRange     '1.2.7',
27 silly addNameRange     '1.2.8',
27 silly addNameRange     '1.3.0',
27 silly addNameRange     '1.3.1',
27 silly addNameRange     '1.3.2',
27 silly addNameRange     '1.3.3',
27 silly addNameRange     '1.3.4',
27 silly addNameRange     '1.3.5',
27 silly addNameRange     '1.3.6',
27 silly addNameRange     '1.3.7',
27 silly addNameRange     '1.3.8',
27 silly addNameRange     '1.3.9',
27 silly addNameRange     '1.3.10',
27 silly addNameRange     '1.3.11',
27 silly addNameRange     '1.3.12',
27 silly addNameRange     '1.4.0',
27 silly addNameRange     '1.4.1',
27 silly addNameRange     '1.5.0',
27 silly addNameRange     '1.5.1',
27 silly addNameRange     '1.5.2',
27 silly addNameRange     '1.5.3' ] ]
28 silly addNamed bower@1.5.3
29 verbose addNamed "1.5.3" is a plain semver version for bower
30 silly cache afterAdd bower@1.5.3
31 verbose afterAdd C:\Users\anton\AppData\Roaming\npm-cache\bower\1.5.3\package\package.json not in flight; writing
32 verbose afterAdd C:\Users\anton\AppData\Roaming\npm-cache\bower\1.5.3\package\package.json written
33 silly install resolved [ { name: 'bower',
33 silly install resolved     version: '1.5.3',
33 silly install resolved     description: 'The browser package manager',
33 silly install resolved     author: { name: 'Twitter' },
33 silly install resolved     license: 'MIT',
33 silly install resolved     repository: { type: 'git', url: 'git+https://github.com/bower/bower.git' },
33 silly install resolved     main: 'lib',
33 silly install resolved     homepage: 'http://bower.io',
33 silly install resolved     engines: { node: '>=0.10.0' },
33 silly install resolved     dependencies:
33 silly install resolved      { abbrev: '^1.0.5',
33 silly install resolved        archy: '1.0.0',
33 silly install resolved        'bower-config': '^0.6.1',
33 silly install resolved        'bower-endpoint-parser': '^0.2.2',
33 silly install resolved        'bower-json': '^0.4.0',
33 silly install resolved        'bower-logger': '^0.2.2',
33 silly install resolved        'bower-registry-client': '^0.3.0',
33 silly install resolved        cardinal: '0.4.4',
33 silly install resolved        chalk: '^1.0.0',
33 silly install resolved        chmodr: '0.1.0',
33 silly install resolved        configstore: '^0.3.2',
33 silly install resolved        'decompress-zip': '^0.1.0',
33 silly install resolved        fstream: '^1.0.3',
33 silly install resolved        'fstream-ignore': '^1.0.2',
33 silly install resolved        github: '^0.2.3',
33 silly install resolved        glob: '^4.3.2',
33 silly install resolved        'graceful-fs': '^3.0.5',
33 silly install resolved        handlebars: '^2.0.0',
33 silly install resolved        inquirer: '0.8.0',
33 silly install resolved        insight: '^0.7.0',
33 silly install resolved        'is-root': '^1.0.0',
33 silly install resolved        junk: '^1.0.0',
33 silly install resolved        lockfile: '^1.0.0',
33 silly install resolved        'lru-cache': '^2.5.0',
33 silly install resolved        'md5-hex': '^1.0.2',
33 silly install resolved        mkdirp: '0.5.0',
33 silly install resolved        mout: '^0.11.0',
33 silly install resolved        nopt: '^3.0.1',
33 silly install resolved        opn: '^1.0.1',
33 silly install resolved        'p-throttler': '0.1.1',
33 silly install resolved        promptly: '0.2.0',
33 silly install resolved        q: '^1.1.2',
33 silly install resolved        request: '2.53.0',
33 silly install resolved        'request-progress': '0.3.1',
33 silly install resolved        retry: '0.6.1',
33 silly install resolved        rimraf: '^2.2.8',
33 silly install resolved        semver: '^2.3.0',
33 silly install resolved        'shell-quote': '^1.4.2',
33 silly install resolved        'stringify-object': '^1.0.0',
33 silly install resolved        'tar-fs': '^1.4.1',
33 silly install resolved        tmp: '0.0.24',
33 silly install resolved        'update-notifier': '^0.3.0',
33 silly install resolved        'user-home': '^1.1.0',
33 silly install resolved        which: '^1.0.8' },
33 silly install resolved     devDependencies:
33 silly install resolved      { chai: '^1.10.0',
33 silly install resolved        coveralls: '^2.11.2',
33 silly install resolved        'expect.js': '^0.3.1',
33 silly install resolved        grunt: '^0.4.5',
33 silly install resolved        'grunt-cli': '^0.1.13',
33 silly install resolved        'grunt-contrib-jshint': '^0.10.0',
33 silly install resolved        'grunt-contrib-watch': '^0.6.1',
33 silly install resolved        'grunt-exec': '^0.4.6',
33 silly install resolved        'grunt-simple-mocha': '^0.4.0',
33 silly install resolved        istanbul: '^0.3.5',
33 silly install resolved        'load-grunt-tasks': '^2.0.0',
33 silly install resolved        mocha: '^2.1.0',
33 silly install resolved        multiline: '^1.0.2',
33 silly install resolved        nock: '^0.56.0',
33 silly install resolved        'node-uuid': '^1.4.2',
33 silly install resolved        proxyquire: '^1.3.0',
33 silly install resolved        'spawn-sync': '^1.0.5' },
33 silly install resolved     scripts: { test: 'grunt test' },
33 silly install resolved     bin: { bower: 'bin/bower' },
33 silly install resolved     files: [ 'bin', 'lib', 'templates' ],
33 silly install resolved     gitHead: '66310523d16a1f342f3da2aa49ea90d927fe7d46',
33 silly install resolved     bugs: { url: 'https://github.com/bower/bower/issues' },
33 silly install resolved     _id: 'bower@1.5.3',
33 silly install resolved     _shasum: 'ee5d7952e114e30b18795e20e9fefcc5b4cf963d',
33 silly install resolved     _from: 'bower@*',
33 silly install resolved     _npmVersion: '1.4.28',
33 silly install resolved     _npmUser: { name: 'sheerun', email: 'sheerun@sher.pl' },
33 silly install resolved     maintainers: [ [Object], [Object], [Object], [Object], [Object], [Object] ],
33 silly install resolved     dist:
33 silly install resolved      { shasum: 'ee5d7952e114e30b18795e20e9fefcc5b4cf963d',
33 silly install resolved        tarball: 'http://registry.npmjs.org/bower/-/bower-1.5.3.tgz' },
33 silly install resolved     directories: {},
33 silly install resolved     _resolved: 'https://registry.npmjs.org/bower/-/bower-1.5.3.tgz',
33 silly install resolved     readme: 'ERROR: No README data found!' } ]
34 info install bower@1.5.3 into C:\Program Files (x86)\Git\local
35 info installOne bower@1.5.3
36 verbose installOne of bower to C:\Program Files (x86)\Git\local not in flight; installing
37 verbose lock using C:\Users\anton\AppData\Roaming\npm-cache\_locks\bower-7d6dc236b61568d9.lock for C:\Program Files (x86)\Git\local\node_modules\bower
38 silly install write writing bower 1.5.3 to C:\Program Files (x86)\Git\local\node_modules\bower
39 verbose unbuild node_modules\bower
40 info preuninstall bower@1.5.2
41 info uninstall bower@1.5.2
42 verbose unbuild rmStuff bower@1.5.2 from C:\Program Files (x86)\Git\local\node_modules
43 silly gentlyRm C:\Program Files (x86)\Git\local\bower.cmd is being gently removed
44 silly gentlyRm verifying C:\Program Files (x86)\Git\local is an npm working directory
45 silly gentlyRm containing path C:\Program Files (x86)\Git\local is under npm's control, in C:\Program Files (x86)\Git\local
46 silly gentlyRm deletion target C:\Program Files (x86)\Git\local\bower.cmd is under C:\Program Files (x86)\Git\local
47 verbose gentlyRm vacuuming from C:\Program Files (x86)\Git\local\bower.cmd up to C:\Program Files (x86)\Git\local
48 silly vacuum-fs removing C:\Program Files (x86)\Git\local\bower.cmd
49 verbose unlock done using C:\Users\anton\AppData\Roaming\npm-cache\_locks\bower-7d6dc236b61568d9.lock for C:\Program Files (x86)\Git\local\node_modules\bower
50 verbose stack Error: EPERM: operation not permitted, unlink 'C:\Program Files (x86)\Git\local\bower.cmd'
50 verbose stack     at Error (native)
51 verbose cwd d:\Documents\Education\WebDev\js-patterns
52 error Windows_NT 10.0.10240
53 error argv "c:\\Program Files\\nodejs\\node.exe" "c:\\Program Files\\nodejs\\node_modules\\npm\\bin\\npm-cli.js" "install" "-g" "bower"
54 error node v4.1.0
55 error npm  v2.14.3
56 error path C:\Program Files (x86)\Git\local\bower.cmd
57 error code EPERM
58 error errno -4048
59 error syscall unlink
60 error Error: EPERM: operation not permitted, unlink 'C:\Program Files (x86)\Git\local\bower.cmd'
60 error     at Error (native)
60 error  { [Error: EPERM: operation not permitted, unlink 'C:\Program Files (x86)\Git\local\bower.cmd']
60 error   errno: -4048,
60 error   code: 'EPERM',
60 error   syscall: 'unlink',
60 error   path: 'C:\\Program Files (x86)\\Git\\local\\bower.cmd' }
61 error Please try running this command again as root/Administrator.
62 verbose exit [ -4048, true ]
63 verbose unbuild node_modules\bower
64 info preuninstall bower@1.5.2
65 info uninstall bower@1.5.2
66 verbose unbuild rmStuff bower@1.5.2 from C:\Program Files (x86)\Git\local\node_modules
67 silly gentlyRm C:\Program Files (x86)\Git\local\bower.cmd is being gently removed
68 silly gentlyRm verifying C:\Program Files (x86)\Git\local is an npm working directory
69 silly gentlyRm containing path C:\Program Files (x86)\Git\local is under npm's control, in C:\Program Files (x86)\Git\local
70 silly gentlyRm deletion target C:\Program Files (x86)\Git\local\bower.cmd is under C:\Program Files (x86)\Git\local
71 verbose gentlyRm vacuuming from C:\Program Files (x86)\Git\local\bower.cmd up to C:\Program Files (x86)\Git\local
72 silly vacuum-fs removing C:\Program Files (x86)\Git\local\bower.cmd
73 error error rolling back Error: EPERM: operation not permitted, unlink 'C:\Program Files (x86)\Git\local\bower.cmd'
73 error error rolling back     at Error (native)
73 error error rolling back  { [Error: EPERM: operation not permitted, unlink 'C:\Program Files (x86)\Git\local\bower.cmd']
73 error error rolling back   errno: -4048,
73 error error rolling back   code: 'EPERM',
73 error error rolling back   syscall: 'unlink',
73 error error rolling back   path: 'C:\\Program Files (x86)\\Git\\local\\bower.cmd' }
